2022-03-09 02:10:57.974202: I tensorflow/stream_executor/cuda/cuda_gpu_executor.cc:936] successful NUMA node read from SysFS had negative value (-1), but there must be at least one NUMA node, so returning NUMA node zero
2022-03-09 02:10:57.974389: W tensorflow/stream_executor/platform/default/dso_loader.cc:64] Could not load dynamic library 'libcublas.so.11'; dlerror: libcublas.so.11: cannot open shared object file: No such file or directory
2022-03-09 02:10:57.974421: W tensorflow/stream_executor/platform/default/dso_loader.cc:64] Could not load dynamic library 'libcublasLt.so.11'; dlerror: libcublasLt.so.11: cannot open shared object file: No such file or directory
2022-03-09 02:10:57.974446: W tensorflow/stream_executor/platform/default/dso_loader.cc:64] Could not load dynamic library 'libcufft.so.10'; dlerror: libcufft.so.10: cannot open shared object file: No such file or directory
2022-03-09 02:10:57.974468: W tensorflow/stream_executor/platform/default/dso_loader.cc:64] Could not load dynamic library 'libcurand.so.10'; dlerror: libcurand.so.10: cannot open shared object file: No such file or directory
2022-03-09 02:10:57.974490: W tensorflow/stream_executor/platform/default/dso_loader.cc:64] Could not load dynamic library 'libcusolver.so.11'; dlerror: libcusolver.so.11: cannot open shared object file: No such file or directory
2022-03-09 02:10:57.974510: W tensorflow/stream_executor/platform/default/dso_loader.cc:64] Could not load dynamic library 'libcusparse.so.11'; dlerror: libcusparse.so.11: cannot open shared object file: No such file or directory
2022-03-09 02:10:57.974532: W tensorflow/stream_executor/platform/default/dso_loader.cc:64] Could not load dynamic library 'libcudnn.so.8'; dlerror: libcudnn.so.8: cannot open shared object file: No such file or directory
2022-03-09 02:10:57.974538: W tensorflow/core/common_runtime/gpu/gpu_device.cc:1850] Cannot dlopen some GPU libraries. Please make sure the missing libraries mentioned above are installed properly if you would like to use GPU. Follow the guide at https://www.tensorflow.org/install/gpu for how to download and setup the required libraries for your platform.
Skipping registering GPU devices...
2022-03-09 02:10:57.974667: I tensorflow/core/platform/cpu_feature_guard.cc:151] This TensorFlow binary is optimized with oneAPI Deep Neural Network Library (oneDNN) to use the following CPU instructions in performance-critical operations:  AVX2 FMA
To enable them in other operations, rebuild TensorFlow with the appropriate compiler flags.

########## EPOCH 1 ##########
Test loss:      0.65717
Predictability: 100.00%
Accuracy:       11.35%
Plot saved at images/autoencoder/training/epoch_0.png

########## EPOCH 2 ##########
Test loss:      0.49175
Predictability: 100.00%
Accuracy:       11.35%

########## EPOCH 3 ##########
Test loss:      0.47295
Predictability: 100.00%
Accuracy:       11.35%

########## EPOCH 4 ##########
Test loss:      0.45683
Predictability: 100.00%
Accuracy:       11.35%

########## EPOCH 5 ##########
Test loss:      0.43657
Predictability: 100.00%
Accuracy:       11.35%

########## EPOCH 6 ##########
Test loss:      0.41722
Predictability: 100.00%
Accuracy:       11.35%

########## EPOCH 7 ##########
Test loss:      0.39492
Predictability: 99.96%
Accuracy:       11.35%

########## EPOCH 8 ##########
Test loss:      0.36955
Predictability: 95.65%
Accuracy:       11.35%

########## EPOCH 9 ##########
Test loss:      0.34247
Predictability: 81.93%
Accuracy:       12.10%

########## EPOCH 10 ##########
Test loss:      0.31366
Predictability: 75.06%
Accuracy:       13.86%

########## EPOCH 11 ##########
Test loss:      0.28517
Predictability: 66.97%
Accuracy:       17.65%
Plot saved at images/autoencoder/training/epoch_10.png

########## EPOCH 12 ##########
Test loss:      0.25892
Predictability: 59.32%
Accuracy:       24.12%

########## EPOCH 13 ##########
Test loss:      0.23593
Predictability: 57.87%
Accuracy:       25.89%

########## EPOCH 14 ##########
Test loss:      0.21568
Predictability: 58.12%
Accuracy:       27.58%

########## EPOCH 15 ##########
Test loss:      0.19796
Predictability: 57.40%
Accuracy:       30.69%

########## EPOCH 16 ##########
Test loss:      0.18319
Predictability: 57.02%
Accuracy:       32.48%

########## EPOCH 17 ##########
Test loss:      0.17110
Predictability: 59.06%
Accuracy:       36.37%

########## EPOCH 18 ##########
Test loss:      0.16148
Predictability: 59.48%
Accuracy:       39.28%

########## EPOCH 19 ##########
Test loss:      0.15373
Predictability: 61.42%
Accuracy:       43.67%

########## EPOCH 20 ##########
Test loss:      0.14730
Predictability: 62.22%
Accuracy:       46.27%

########## EPOCH 21 ##########
Test loss:      0.14191
Predictability: 63.17%
Accuracy:       48.46%
Plot saved at images/autoencoder/training/epoch_20.png

########## EPOCH 22 ##########
Test loss:      0.13731
Predictability: 65.03%
Accuracy:       51.29%

########## EPOCH 23 ##########
Test loss:      0.13336
Predictability: 66.36%
Accuracy:       53.69%

########## EPOCH 24 ##########
Test loss:      0.12979
Predictability: 67.73%
Accuracy:       55.91%

########## EPOCH 25 ##########
Test loss:      0.12652
Predictability: 68.69%
Accuracy:       57.62%

########## EPOCH 26 ##########
Test loss:      0.12354
Predictability: 69.88%
Accuracy:       59.30%

########## EPOCH 27 ##########
Test loss:      0.12082
Predictability: 71.20%
Accuracy:       61.01%

########## EPOCH 28 ##########
Test loss:      0.11827
Predictability: 72.13%
Accuracy:       62.38%

########## EPOCH 29 ##########
Test loss:      0.11586
Predictability: 73.25%
Accuracy:       63.79%

########## EPOCH 30 ##########
Test loss:      0.11360
Predictability: 74.58%
Accuracy:       65.28%

########## EPOCH 31 ##########
Test loss:      0.11149
Predictability: 75.36%
Accuracy:       66.41%
Plot saved at images/autoencoder/training/epoch_30.png

########## EPOCH 32 ##########
Test loss:      0.10953
Predictability: 76.06%
Accuracy:       67.71%

########## EPOCH 33 ##########
Test loss:      0.10772
Predictability: 76.71%
Accuracy:       68.78%

########## EPOCH 34 ##########
Test loss:      0.10607
Predictability: 77.15%
Accuracy:       69.66%

########## EPOCH 35 ##########
Test loss:      0.10455
Predictability: 78.00%
Accuracy:       70.74%

########## EPOCH 36 ##########
Test loss:      0.10315
Predictability: 78.87%
Accuracy:       71.83%

########## EPOCH 37 ##########
Test loss:      0.10185
Predictability: 79.69%
Accuracy:       72.89%

########## EPOCH 38 ##########
Test loss:      0.10065
Predictability: 80.22%
Accuracy:       73.54%

########## EPOCH 39 ##########
Test loss:      0.09955
Predictability: 80.58%
Accuracy:       74.09%

########## EPOCH 40 ##########
Test loss:      0.09853
Predictability: 81.02%
Accuracy:       74.86%

########## EPOCH 41 ##########
Test loss:      0.09760
Predictability: 81.49%
Accuracy:       75.50%
Plot saved at images/autoencoder/training/epoch_40.png

########## EPOCH 42 ##########
Test loss:      0.09673
Predictability: 81.94%
Accuracy:       76.13%

########## EPOCH 43 ##########
Test loss:      0.09593
Predictability: 82.24%
Accuracy:       76.47%

########## EPOCH 44 ##########
Test loss:      0.09520
Predictability: 82.52%
Accuracy:       76.83%

########## EPOCH 45 ##########
Test loss:      0.09453
Predictability: 82.70%
Accuracy:       77.15%

########## EPOCH 46 ##########
Test loss:      0.09390
Predictability: 82.73%
Accuracy:       77.30%

########## EPOCH 47 ##########
Test loss:      0.09332
Predictability: 82.90%
Accuracy:       77.44%

########## EPOCH 48 ##########
Test loss:      0.09278
Predictability: 83.02%
Accuracy:       77.67%

########## EPOCH 49 ##########
Test loss:      0.09228
Predictability: 83.15%
Accuracy:       77.83%

########## EPOCH 50 ##########
Test loss:      0.09182
Predictability: 83.28%
Accuracy:       78.02%

########## EPOCH 51 ##########
Test loss:      0.09140
Predictability: 83.49%
Accuracy:       78.24%
Plot saved at images/autoencoder/training/epoch_50.png

########## EPOCH 52 ##########
Test loss:      0.09101
Predictability: 83.72%
Accuracy:       78.47%

########## EPOCH 53 ##########
Test loss:      0.09064
Predictability: 83.86%
Accuracy:       78.68%

########## EPOCH 54 ##########
Test loss:      0.09031
Predictability: 83.91%
Accuracy:       78.77%

########## EPOCH 55 ##########
Test loss:      0.09000
Predictability: 83.98%
Accuracy:       78.88%

########## EPOCH 56 ##########
Test loss:      0.08971
Predictability: 83.93%
Accuracy:       78.93%

########## EPOCH 57 ##########
Test loss:      0.08944
Predictability: 84.00%
Accuracy:       79.04%

########## EPOCH 58 ##########
Test loss:      0.08919
Predictability: 84.03%
Accuracy:       79.17%

########## EPOCH 59 ##########
Test loss:      0.08895
Predictability: 84.06%
Accuracy:       79.22%

########## EPOCH 60 ##########
Test loss:      0.08873
Predictability: 84.21%
Accuracy:       79.34%

########## EPOCH 61 ##########
Test loss:      0.08852
Predictability: 84.26%
Accuracy:       79.42%
Plot saved at images/autoencoder/training/epoch_60.png

########## EPOCH 62 ##########
Test loss:      0.08832
Predictability: 84.37%
Accuracy:       79.60%

########## EPOCH 63 ##########
Test loss:      0.08814
Predictability: 84.49%
Accuracy:       79.71%

########## EPOCH 64 ##########
Test loss:      0.08797
Predictability: 84.59%
Accuracy:       79.78%

########## EPOCH 65 ##########
Test loss:      0.08780
Predictability: 84.70%
Accuracy:       79.91%

########## EPOCH 66 ##########
Test loss:      0.08764
Predictability: 84.67%
Accuracy:       79.93%

########## EPOCH 67 ##########
Test loss:      0.08749
Predictability: 84.75%
Accuracy:       80.03%

########## EPOCH 68 ##########
Test loss:      0.08735
Predictability: 84.79%
Accuracy:       80.14%

########## EPOCH 69 ##########
Test loss:      0.08721
Predictability: 84.76%
Accuracy:       80.16%

########## EPOCH 70 ##########
Test loss:      0.08709
Predictability: 84.74%
Accuracy:       80.16%

########## EPOCH 71 ##########
Test loss:      0.08697
Predictability: 84.79%
Accuracy:       80.24%
Plot saved at images/autoencoder/training/epoch_70.png

########## EPOCH 72 ##########
Test loss:      0.08686
Predictability: 84.79%
Accuracy:       80.26%

########## EPOCH 73 ##########
Test loss:      0.08674
Predictability: 84.78%
Accuracy:       80.30%

########## EPOCH 74 ##########
Test loss:      0.08663
Predictability: 84.82%
Accuracy:       80.35%

########## EPOCH 75 ##########
Test loss:      0.08653
Predictability: 84.81%
Accuracy:       80.39%

########## EPOCH 76 ##########
Test loss:      0.08644
Predictability: 84.79%
Accuracy:       80.39%

########## EPOCH 77 ##########
Test loss:      0.08635
Predictability: 84.78%
Accuracy:       80.39%

########## EPOCH 78 ##########
Test loss:      0.08627
Predictability: 84.89%
Accuracy:       80.46%

########## EPOCH 79 ##########
Test loss:      0.08618
Predictability: 84.86%
Accuracy:       80.46%

########## EPOCH 80 ##########
Test loss:      0.08610
Predictability: 84.93%
Accuracy:       80.54%

########## EPOCH 81 ##########
Test loss:      0.08602
Predictability: 85.01%
Accuracy:       80.61%
Plot saved at images/autoencoder/training/epoch_80.png

########## EPOCH 82 ##########
Test loss:      0.08595
Predictability: 85.03%
Accuracy:       80.65%

########## EPOCH 83 ##########
Test loss:      0.08588
Predictability: 85.13%
Accuracy:       80.72%

########## EPOCH 84 ##########
Test loss:      0.08581
Predictability: 85.16%
Accuracy:       80.75%

########## EPOCH 85 ##########
Test loss:      0.08575
Predictability: 85.19%
Accuracy:       80.77%

########## EPOCH 86 ##########
Test loss:      0.08569
Predictability: 85.23%
Accuracy:       80.82%

########## EPOCH 87 ##########
Test loss:      0.08563
Predictability: 85.26%
Accuracy:       80.85%

########## EPOCH 88 ##########
Test loss:      0.08557
Predictability: 85.26%
Accuracy:       80.87%

########## EPOCH 89 ##########
Test loss:      0.08552
Predictability: 85.25%
Accuracy:       80.87%

########## EPOCH 90 ##########
Test loss:      0.08546
Predictability: 85.23%
Accuracy:       80.87%

########## EPOCH 91 ##########
Test loss:      0.08541
Predictability: 85.30%
Accuracy:       80.95%
Plot saved at images/autoencoder/training/epoch_90.png

########## EPOCH 92 ##########
Test loss:      0.08536
Predictability: 85.27%
Accuracy:       80.92%

########## EPOCH 93 ##########
Test loss:      0.08532
Predictability: 85.30%
Accuracy:       80.94%

########## EPOCH 94 ##########
Test loss:      0.08527
Predictability: 85.26%
Accuracy:       80.92%

########## EPOCH 95 ##########
Test loss:      0.08523
Predictability: 85.34%
Accuracy:       80.97%

########## EPOCH 96 ##########
Test loss:      0.08519
Predictability: 85.41%
Accuracy:       81.02%

########## EPOCH 97 ##########
Test loss:      0.08515
Predictability: 85.45%
Accuracy:       81.06%

########## EPOCH 98 ##########
Test loss:      0.08511
Predictability: 85.42%
Accuracy:       81.05%

########## EPOCH 99 ##########
Test loss:      0.08507
Predictability: 85.44%
Accuracy:       81.08%

########## EPOCH 100 ##########
Test loss:      0.08504
Predictability: 85.47%
Accuracy:       81.10%
tensor(0.0850, grad_fn=<BinaryCrossEntropyBackward0>)
WARNING:tensorflow:Detecting that an object or model or tf.train.Checkpoint is being deleted with unrestored values. See the following logs for the specific values in question. To silence these warnings, use `status.expect_partial()`. See https://www.tensorflow.org/api_docs/python/tf/train/Checkpoint#restorefor details about the status object returned by the restore function.
WARNING:tensorflow:Value in checkpoint could not be found in the restored object: (root).optimizer.iter
WARNING:tensorflow:Value in checkpoint could not be found in the restored object: (root).optimizer.beta_1
WARNING:tensorflow:Value in checkpoint could not be found in the restored object: (root).optimizer.beta_2
WARNING:tensorflow:Value in checkpoint could not be found in the restored object: (root).optimizer.decay
WARNING:tensorflow:Value in checkpoint could not be found in the restored object: (root).optimizer.learning_rate
WARNING:tensorflow:Detecting that an object or model or tf.train.Checkpoint is being deleted with unrestored values. See the following logs for the specific values in question. To silence these warnings, use `status.expect_partial()`. See https://www.tensorflow.org/api_docs/python/tf/train/Checkpoint#restorefor details about the status object returned by the restore function.
WARNING:tensorflow:Value in checkpoint could not be found in the restored object: (root).optimizer.iter
WARNING:tensorflow:Value in checkpoint could not be found in the restored object: (root).optimizer.beta_1
WARNING:tensorflow:Value in checkpoint could not be found in the restored object: (root).optimizer.beta_2
WARNING:tensorflow:Value in checkpoint could not be found in the restored object: (root).optimizer.decay
WARNING:tensorflow:Value in checkpoint could not be found in the restored object: (root).optimizer.learning_rate
