2022-03-09 03:30:36.603827: I tensorflow/stream_executor/cuda/cuda_gpu_executor.cc:936] successful NUMA node read from SysFS had negative value (-1), but there must be at least one NUMA node, so returning NUMA node zero
2022-03-09 03:30:36.604010: W tensorflow/stream_executor/platform/default/dso_loader.cc:64] Could not load dynamic library 'libcublas.so.11'; dlerror: libcublas.so.11: cannot open shared object file: No such file or directory
2022-03-09 03:30:36.604042: W tensorflow/stream_executor/platform/default/dso_loader.cc:64] Could not load dynamic library 'libcublasLt.so.11'; dlerror: libcublasLt.so.11: cannot open shared object file: No such file or directory
2022-03-09 03:30:36.604066: W tensorflow/stream_executor/platform/default/dso_loader.cc:64] Could not load dynamic library 'libcufft.so.10'; dlerror: libcufft.so.10: cannot open shared object file: No such file or directory
2022-03-09 03:30:36.604088: W tensorflow/stream_executor/platform/default/dso_loader.cc:64] Could not load dynamic library 'libcurand.so.10'; dlerror: libcurand.so.10: cannot open shared object file: No such file or directory
2022-03-09 03:30:36.604109: W tensorflow/stream_executor/platform/default/dso_loader.cc:64] Could not load dynamic library 'libcusolver.so.11'; dlerror: libcusolver.so.11: cannot open shared object file: No such file or directory
2022-03-09 03:30:36.604130: W tensorflow/stream_executor/platform/default/dso_loader.cc:64] Could not load dynamic library 'libcusparse.so.11'; dlerror: libcusparse.so.11: cannot open shared object file: No such file or directory
2022-03-09 03:30:36.604152: W tensorflow/stream_executor/platform/default/dso_loader.cc:64] Could not load dynamic library 'libcudnn.so.8'; dlerror: libcudnn.so.8: cannot open shared object file: No such file or directory
2022-03-09 03:30:36.604158: W tensorflow/core/common_runtime/gpu/gpu_device.cc:1850] Cannot dlopen some GPU libraries. Please make sure the missing libraries mentioned above are installed properly if you would like to use GPU. Follow the guide at https://www.tensorflow.org/install/gpu for how to download and setup the required libraries for your platform.
Skipping registering GPU devices...
2022-03-09 03:30:36.604286: I tensorflow/core/platform/cpu_feature_guard.cc:151] This TensorFlow binary is optimized with oneAPI Deep Neural Network Library (oneDNN) to use the following CPU instructions in performance-critical operations:  AVX2 FMA
To enable them in other operations, rebuild TensorFlow with the appropriate compiler flags.

########## EPOCH 1 ##########
Test loss:      5072586.00000
Predictability: 100.00%
Accuracy:       11.35%
Plot saved at images/variableautoencoder/training/epoch_0.png

########## EPOCH 2 ##########
Test loss:      3941257.50000
Predictability: 100.00%
Accuracy:       11.35%

########## EPOCH 3 ##########
Test loss:      3497899.25000
Predictability: 99.51%
Accuracy:       11.35%

########## EPOCH 4 ##########
Test loss:      3276017.50000
Predictability: 99.77%
Accuracy:       11.35%

########## EPOCH 5 ##########
Test loss:      3082622.25000
Predictability: 97.05%
Accuracy:       11.35%

########## EPOCH 6 ##########
Test loss:      2907336.50000
Predictability: 83.55%
Accuracy:       12.07%

########## EPOCH 7 ##########
Test loss:      2738777.00000
Predictability: 76.24%
Accuracy:       12.62%

########## EPOCH 8 ##########
Test loss:      2568039.50000
Predictability: 69.74%
Accuracy:       14.42%

########## EPOCH 9 ##########
Test loss:      2415744.25000
Predictability: 64.24%
Accuracy:       16.77%

########## EPOCH 10 ##########
Test loss:      2261777.75000
Predictability: 61.26%
Accuracy:       18.62%

########## EPOCH 11 ##########
Test loss:      2118901.00000
Predictability: 59.27%
Accuracy:       21.85%
Plot saved at images/variableautoencoder/training/epoch_10.png

########## EPOCH 12 ##########
Test loss:      1986435.50000
Predictability: 56.73%
Accuracy:       24.85%

########## EPOCH 13 ##########
Test loss:      1864638.62500
Predictability: 56.67%
Accuracy:       27.30%

########## EPOCH 14 ##########
Test loss:      1761044.75000
Predictability: 55.98%
Accuracy:       30.31%

########## EPOCH 15 ##########
Test loss:      1669615.00000
Predictability: 56.27%
Accuracy:       32.75%

########## EPOCH 16 ##########
Test loss:      1595854.87500
Predictability: 57.41%
Accuracy:       36.14%

########## EPOCH 17 ##########
Test loss:      1536438.25000
Predictability: 58.45%
Accuracy:       39.49%

########## EPOCH 18 ##########
Test loss:      1487012.50000
Predictability: 60.72%
Accuracy:       43.15%

########## EPOCH 19 ##########
Test loss:      1446942.25000
Predictability: 60.95%
Accuracy:       44.21%

########## EPOCH 20 ##########
Test loss:      1415504.75000
Predictability: 62.80%
Accuracy:       45.89%

########## EPOCH 21 ##########
Test loss:      1386352.75000
Predictability: 63.39%
Accuracy:       48.69%
Plot saved at images/variableautoencoder/training/epoch_20.png

########## EPOCH 22 ##########
Test loss:      1360991.25000
Predictability: 65.36%
Accuracy:       52.28%

########## EPOCH 23 ##########
Test loss:      1340471.50000
Predictability: 66.35%
Accuracy:       53.59%

########## EPOCH 24 ##########
Test loss:      1321229.87500
Predictability: 66.95%
Accuracy:       54.76%

########## EPOCH 25 ##########
Test loss:      1304209.25000
Predictability: 68.61%
Accuracy:       57.49%

########## EPOCH 26 ##########
Test loss:      1285618.00000
Predictability: 69.28%
Accuracy:       58.46%

########## EPOCH 27 ##########
Test loss:      1270937.75000
Predictability: 70.57%
Accuracy:       60.51%

########## EPOCH 28 ##########
Test loss:      1258793.50000
Predictability: 71.28%
Accuracy:       61.71%

########## EPOCH 29 ##########
Test loss:      1248802.87500
Predictability: 71.92%
Accuracy:       62.78%

########## EPOCH 30 ##########
Test loss:      1240686.25000
Predictability: 73.11%
Accuracy:       64.10%

########## EPOCH 31 ##########
Test loss:      1234033.50000
Predictability: 73.52%
Accuracy:       64.79%
Plot saved at images/variableautoencoder/training/epoch_30.png

########## EPOCH 32 ##########
Test loss:      1225260.75000
Predictability: 74.77%
Accuracy:       66.09%

########## EPOCH 33 ##########
Test loss:      1218412.25000
Predictability: 75.31%
Accuracy:       66.75%

########## EPOCH 34 ##########
Test loss:      1214653.37500
Predictability: 74.43%
Accuracy:       66.51%

########## EPOCH 35 ##########
Test loss:      1209570.75000
Predictability: 75.51%
Accuracy:       66.93%

########## EPOCH 36 ##########
Test loss:      1203506.37500
Predictability: 75.52%
Accuracy:       67.66%

########## EPOCH 37 ##########
Test loss:      1199049.75000
Predictability: 76.40%
Accuracy:       68.54%

########## EPOCH 38 ##########
Test loss:      1196582.62500
Predictability: 76.21%
Accuracy:       68.36%

########## EPOCH 39 ##########
Test loss:      1193039.25000
Predictability: 76.33%
Accuracy:       68.64%

########## EPOCH 40 ##########
Test loss:      1191534.37500
Predictability: 75.48%
Accuracy:       67.74%

########## EPOCH 41 ##########
Test loss:      1188958.62500
Predictability: 76.34%
Accuracy:       68.69%
Plot saved at images/variableautoencoder/training/epoch_40.png

########## EPOCH 42 ##########
Test loss:      1184479.62500
Predictability: 76.64%
Accuracy:       69.38%

########## EPOCH 43 ##########
Test loss:      1182285.00000
Predictability: 76.98%
Accuracy:       69.83%

########## EPOCH 44 ##########
Test loss:      1181914.12500
Predictability: 76.46%
Accuracy:       69.16%

########## EPOCH 45 ##########
Test loss:      1180090.75000
Predictability: 76.93%
Accuracy:       69.56%

########## EPOCH 46 ##########
Test loss:      1178046.50000
Predictability: 77.11%
Accuracy:       69.60%

########## EPOCH 47 ##########
Test loss:      1176724.87500
Predictability: 77.14%
Accuracy:       70.14%

########## EPOCH 48 ##########
Test loss:      1174668.62500
Predictability: 77.29%
Accuracy:       69.96%

########## EPOCH 49 ##########
Test loss:      1170954.50000
Predictability: 77.43%
Accuracy:       70.25%

########## EPOCH 50 ##########
Test loss:      1169281.25000
Predictability: 77.95%
Accuracy:       71.15%

########## EPOCH 51 ##########
Test loss:      1168813.87500
Predictability: 77.84%
Accuracy:       71.54%
Plot saved at images/variableautoencoder/training/epoch_50.png

########## EPOCH 52 ##########
Test loss:      1166419.75000
Predictability: 77.94%
Accuracy:       71.12%

########## EPOCH 53 ##########
Test loss:      1165921.50000
Predictability: 78.61%
Accuracy:       71.68%

########## EPOCH 54 ##########
Test loss:      1165192.12500
Predictability: 78.29%
Accuracy:       71.62%

########## EPOCH 55 ##########
Test loss:      1161764.50000
Predictability: 79.34%
Accuracy:       72.78%

########## EPOCH 56 ##########
Test loss:      1161147.75000
Predictability: 79.10%
Accuracy:       72.44%

########## EPOCH 57 ##########
Test loss:      1160899.75000
Predictability: 78.74%
Accuracy:       72.23%

########## EPOCH 58 ##########
Test loss:      1159847.37500
Predictability: 78.66%
Accuracy:       71.90%

########## EPOCH 59 ##########
Test loss:      1159364.75000
Predictability: 79.00%
Accuracy:       72.45%

########## EPOCH 60 ##########
Test loss:      1157808.50000
Predictability: 79.76%
Accuracy:       73.08%

########## EPOCH 61 ##########
Test loss:      1156887.00000
Predictability: 79.24%
Accuracy:       72.91%
Plot saved at images/variableautoencoder/training/epoch_60.png

########## EPOCH 62 ##########
Test loss:      1156839.00000
Predictability: 78.89%
Accuracy:       72.49%

########## EPOCH 63 ##########
Test loss:      1155694.62500
Predictability: 78.41%
Accuracy:       72.02%

########## EPOCH 64 ##########
Test loss:      1155558.50000
Predictability: 78.97%
Accuracy:       72.68%

########## EPOCH 65 ##########
Test loss:      1155148.25000
Predictability: 79.34%
Accuracy:       72.89%

########## EPOCH 66 ##########
Test loss:      1154871.25000
Predictability: 78.99%
Accuracy:       72.58%

########## EPOCH 67 ##########
Test loss:      1154914.25000
Predictability: 78.62%
Accuracy:       72.15%

########## EPOCH 68 ##########
Test loss:      1154441.00000
Predictability: 78.38%
Accuracy:       72.05%

########## EPOCH 69 ##########
Test loss:      1152895.50000
Predictability: 79.02%
Accuracy:       72.87%

########## EPOCH 70 ##########
Test loss:      1154347.87500
Predictability: 78.48%
Accuracy:       71.97%

########## EPOCH 71 ##########
Test loss:      1151988.00000
Predictability: 79.46%
Accuracy:       73.06%
Plot saved at images/variableautoencoder/training/epoch_70.png

########## EPOCH 72 ##########
Test loss:      1151275.37500
Predictability: 79.52%
Accuracy:       73.23%

########## EPOCH 73 ##########
Test loss:      1149719.50000
Predictability: 79.66%
Accuracy:       73.39%

########## EPOCH 74 ##########
Test loss:      1148562.25000
Predictability: 79.30%
Accuracy:       72.93%

########## EPOCH 75 ##########
Test loss:      1149093.25000
Predictability: 79.54%
Accuracy:       73.17%

########## EPOCH 76 ##########
Test loss:      1147326.25000
Predictability: 79.48%
Accuracy:       73.44%

########## EPOCH 77 ##########
Test loss:      1147101.00000
Predictability: 79.66%
Accuracy:       73.43%

########## EPOCH 78 ##########
Test loss:      1147655.12500
Predictability: 79.92%
Accuracy:       73.73%

########## EPOCH 79 ##########
Test loss:      1147360.25000
Predictability: 79.67%
Accuracy:       73.77%

########## EPOCH 80 ##########
Test loss:      1145350.50000
Predictability: 80.08%
Accuracy:       73.89%

########## EPOCH 81 ##########
Test loss:      1145783.25000
Predictability: 79.59%
Accuracy:       73.57%
Plot saved at images/variableautoencoder/training/epoch_80.png

########## EPOCH 82 ##########
Test loss:      1146629.50000
Predictability: 79.66%
Accuracy:       73.32%

########## EPOCH 83 ##########
Test loss:      1145847.75000
Predictability: 79.96%
Accuracy:       73.42%

########## EPOCH 84 ##########
Test loss:      1147038.00000
Predictability: 79.80%
Accuracy:       73.29%

########## EPOCH 85 ##########
Test loss:      1145645.50000
Predictability: 79.91%
Accuracy:       73.49%

########## EPOCH 86 ##########
Test loss:      1144923.75000
Predictability: 79.48%
Accuracy:       73.40%

########## EPOCH 87 ##########
Test loss:      1146885.00000
Predictability: 79.40%
Accuracy:       73.09%

########## EPOCH 88 ##########
Test loss:      1144694.50000
Predictability: 79.66%
Accuracy:       73.43%

########## EPOCH 89 ##########
Test loss:      1144300.25000
Predictability: 79.71%
Accuracy:       73.69%

########## EPOCH 90 ##########
Test loss:      1144555.75000
Predictability: 79.92%
Accuracy:       73.58%

########## EPOCH 91 ##########
Test loss:      1144994.25000
Predictability: 79.37%
Accuracy:       73.20%
Plot saved at images/variableautoencoder/training/epoch_90.png

########## EPOCH 92 ##########
Test loss:      1143623.25000
Predictability: 79.89%
Accuracy:       73.45%

########## EPOCH 93 ##########
Test loss:      1141934.50000
Predictability: 79.79%
Accuracy:       73.72%

########## EPOCH 94 ##########
Test loss:      1141208.50000
Predictability: 80.23%
Accuracy:       74.36%

########## EPOCH 95 ##########
Test loss:      1140657.00000
Predictability: 80.04%
Accuracy:       73.68%

########## EPOCH 96 ##########
Test loss:      1141709.12500
Predictability: 80.07%
Accuracy:       73.93%

########## EPOCH 97 ##########
Test loss:      1142144.25000
Predictability: 79.40%
Accuracy:       73.15%

########## EPOCH 98 ##########
Test loss:      1141572.37500
Predictability: 79.48%
Accuracy:       73.08%

########## EPOCH 99 ##########
Test loss:      1140728.50000
Predictability: 80.05%
Accuracy:       74.20%

########## EPOCH 100 ##########
Test loss:      1142186.75000
Predictability: 79.76%
Accuracy:       73.63%

WARNING:tensorflow:Detecting that an object or model or tf.train.Checkpoint is being deleted with unrestored values. See the following logs for the specific values in question. To silence these warnings, use `status.expect_partial()`. See https://www.tensorflow.org/api_docs/python/tf/train/Checkpoint#restorefor details about the status object returned by the restore function.
WARNING:tensorflow:Value in checkpoint could not be found in the restored object: (root).optimizer.iter
WARNING:tensorflow:Value in checkpoint could not be found in the restored object: (root).optimizer.beta_1
WARNING:tensorflow:Value in checkpoint could not be found in the restored object: (root).optimizer.beta_2
WARNING:tensorflow:Value in checkpoint could not be found in the restored object: (root).optimizer.decay
WARNING:tensorflow:Value in checkpoint could not be found in the restored object: (root).optimizer.learning_rate
WARNING:tensorflow:Detecting that an object or model or tf.train.Checkpoint is being deleted with unrestored values. See the following logs for the specific values in question. To silence these warnings, use `status.expect_partial()`. See https://www.tensorflow.org/api_docs/python/tf/train/Checkpoint#restorefor details about the status object returned by the restore function.
WARNING:tensorflow:Value in checkpoint could not be found in the restored object: (root).optimizer.iter
WARNING:tensorflow:Value in checkpoint could not be found in the restored object: (root).optimizer.beta_1
WARNING:tensorflow:Value in checkpoint could not be found in the restored object: (root).optimizer.beta_2
WARNING:tensorflow:Value in checkpoint could not be found in the restored object: (root).optimizer.decay
WARNING:tensorflow:Value in checkpoint could not be found in the restored object: (root).optimizer.learning_rate
